[debug] [2022-04-14T11:35:41.154Z] ----------------------------------------------------------------------
[debug] [2022-04-14T11:35:41.157Z] Command:       C:\Program Files\nodejs\node.exe C:\Users\happy\OneDrive\문서\GitHub\TodayErrorFrontReact\today\node_modules\firebase-tools\lib\bin\firebase.js init
[debug] [2022-04-14T11:35:41.158Z] CLI Version:   10.6.0
[debug] [2022-04-14T11:35:41.158Z] Platform:      win32
[debug] [2022-04-14T11:35:41.159Z] Node Version:  v16.14.2
[debug] [2022-04-14T11:35:41.162Z] Time:          Thu Apr 14 2022 20:35:41 GMT+0900 (대한민국 표준시)
[debug] [2022-04-14T11:35:41.163Z] ----------------------------------------------------------------------
[debug] 
[debug] [2022-04-14T11:35:41.189Z] > command requires scopes: ["email","openid","https://www.googleapis.com/auth/cloudplatformprojects.readonly","https://www.googleapis.com/auth/firebase","https://www.googleapis.com/auth/cloud-platform"]
[debug] [2022-04-14T11:35:41.189Z] > authorizing via signed-in user (merryk555@gmail.com)
[info] 
     ######## #### ########  ######## ########     ###     ######  ########
     ##        ##  ##     ## ##       ##     ##  ##   ##  ##       ##
     ######    ##  ########  ######   ########  #########  ######  ######
     ##        ##  ##    ##  ##       ##     ## ##     ##       ## ##
     ##       #### ##     ## ######## ########  ##     ##  ######  ########

You're about to initialize a Firebase project in this directory:

  C:\Users\happy\OneDrive\문서\GitHub\TodayErrorFrontReact\today

[info] 
=== Project Setup
[info] 
[info] First, let's associate this project directory with a Firebase project.
[info] You can create multiple project aliases by running firebase use --add, 
[info] but for now we'll just set up a default project.
[info] 
[debug] [2022-04-14T11:35:56.304Z] > refreshing access token with scopes: []
[debug] [2022-04-14T11:35:56.305Z] >>> HTTP REQUEST POST https://www.googleapis.com/oauth2/v3/token  
 <request body omitted>
[debug] [2022-04-14T11:35:56.664Z] <<< HTTP RESPONSE 200 {"cache-control":"no-cache, no-store, max-age=0, must-revalidate","expires":"Mon, 01 Jan 1990 00:00:00 GMT","date":"Thu, 14 Apr 2022 11:35:56 GMT","pragma":"no-cache","content-type":"application/json; charset=utf-8","vary":"X-Origin, Referer, Origin,Accept-Encoding","server":"scaffolding on HTTPServer2","x-xss-protection":"0","x-frame-options":"SAMEORIGIN","x-content-type-options":"nosniff","alt-svc":"h3=\":443\"; ma=2592000,h3-29=\":443\"; ma=2592000,h3-Q050=\":443\"; ma=2592000,h3-Q046=\":443\"; ma=2592000,h3-Q043=\":443\"; ma=2592000,quic=\":443\"; ma=2592000; v=\"46,43\"","accept-ranges":"none","transfer-encoding":"chunked"}
[debug] [2022-04-14T11:35:56.685Z] >>> [apiv2][query] GET https://firebase.googleapis.com/v1beta1/projects pageSize=100
[debug] [2022-04-14T11:35:57.351Z] <<< [apiv2][status] GET https://firebase.googleapis.com/v1beta1/projects 200
[debug] [2022-04-14T11:35:57.352Z] <<< [apiv2][body] GET https://firebase.googleapis.com/v1beta1/projects [omitted]
